2022-06-29 11:22:51.960 [main] INFO  o.s.t.c.support.AbstractContextLoader    : Could not detect default resource locations for test class [nl.vandalist.it.CucumberSpringConfig]: no resource found for suffixes {-context.xml, Context.groovy}.
2022-06-29 11:22:52.049 [main] INFO  .b.t.c.SpringBootTestContextBootstrapper : Found @SpringBootConfiguration nl.vandalist.TestContainersDemoApplication for test class nl.vandalist.it.CucumberSpringConfig
2022-06-29 11:22:52.138 [main] INFO  .b.t.c.SpringBootTestContextBootstrapper : Loaded default TestExecutionListener class names from location [META-INF/spring.factories]: [org.springframework.boot.test.mock.mockito.MockitoTestExecutionListener, org.springframework.boot.test.mock.mockito.ResetMocksTestExecutionListener, org.springframework.boot.test.autoconfigure.restdocs.RestDocsTestExecutionListener, org.springframework.boot.test.autoconfigure.web.client.MockRestServiceServerResetTestExecutionListener, org.springframework.boot.test.autoconfigure.web.servlet.MockMvcPrintOnlyOnFailureTestExecutionListener, org.springframework.boot.test.autoconfigure.web.servlet.WebDriverTestExecutionListener, org.springframework.boot.test.autoconfigure.webservices.client.MockWebServiceServerTestExecutionListener, org.springframework.test.context.web.ServletTestExecutionListener, org.springframework.test.context.support.DirtiesContextBeforeModesTestExecutionListener, org.springframework.test.context.event.ApplicationEventsTestExecutionListener, org.springframework.test.context.support.DependencyInjectionTestExecutionListener, org.springframework.test.context.support.DirtiesContextTestExecutionListener, org.springframework.test.context.transaction.TransactionalTestExecutionListener, org.springframework.test.context.jdbc.SqlScriptsTestExecutionListener, org.springframework.test.context.event.EventPublishingTestExecutionListener]
2022-06-29 11:22:52.156 [main] INFO  .b.t.c.SpringBootTestContextBootstrapper : Using TestExecutionListeners: [org.springframework.test.context.web.ServletTestExecutionListener@52b56a3e, org.springframework.test.context.support.DirtiesContextBeforeModesTestExecutionListener@fd0e5b6, org.springframework.test.context.event.ApplicationEventsTestExecutionListener@4eed46ee, org.springframework.boot.test.mock.mockito.MockitoTestExecutionListener@36b0fcd5, org.springframework.boot.test.autoconfigure.SpringBootDependencyInjectionTestExecutionListener@4fad94a7, org.springframework.test.context.support.DirtiesContextTestExecutionListener@475835b1, org.springframework.test.context.transaction.TransactionalTestExecutionListener@6326d182, org.springframework.test.context.jdbc.SqlScriptsTestExecutionListener@5241cf67, org.springframework.test.context.event.EventPublishingTestExecutionListener@716a7124, org.springframework.boot.test.mock.mockito.ResetMocksTestExecutionListener@77192705, org.springframework.boot.test.autoconfigure.restdocs.RestDocsTestExecutionListener@226642a5, org.springframework.boot.test.autoconfigure.web.client.MockRestServiceServerResetTestExecutionListener@7e809b79, org.springframework.boot.test.autoconfigure.web.servlet.MockMvcPrintOnlyOnFailureTestExecutionListener@5cc126dc, org.springframework.boot.test.autoconfigure.web.servlet.WebDriverTestExecutionListener@625e134e, org.springframework.boot.test.autoconfigure.webservices.client.MockWebServiceServerTestExecutionListener@72bd06ca]
2022-06-29 11:22:52.216 [main] WARN  o.t.utility.TestcontainersConfiguration  : Attempted to read Testcontainers configuration file at file:/C:/Users/hijacked/.testcontainers.properties but the file was not found. Exception message: FileNotFoundException: C:\Users\hijacked\.testcontainers.properties (The system cannot find the file specified)
2022-06-29 11:22:52.219 [main] INFO  o.t.utility.ImageNameSubstitutor         : Image name substitution will be performed by: DefaultImageNameSubstitutor (composite of 'ConfigurationFileImageNameSubstitutor' and 'PrefixingImageNameSubstitutor')
2022-06-29 11:22:52.465 [main] INFO  .t.d.DockerMachineClientProviderStrategy : docker-machine executable was not found on PATH ([C:\Program Files\Eclipse Foundation\jdk-17.0.0.35-hotspot\bin, C:\Program Files (x86)\Common Files\Intel\Shared Libraries\redist\intel64\compiler, C:\Users\hijacked\.m2\apache-maven-3.6.3\bin, C:\Program Files (x86)\Intel\iCLS Client\, C:\Program Files\Intel\iCLS Client\, C:\WINDOWS\system32, C:\WINDOWS, C:\WINDOWS\System32\Wbem, C:\WINDOWS\System32\WindowsPowerShell\v1.0\, C:\WINDOWS\System32\OpenSSH\, C:\Program Files (x86)\Intel\Intel(R) Management Engine Components\DAL, C:\Program Files\Intel\Intel(R) Management Engine Components\DAL, C:\Program Files (x86)\Intel\Intel(R) Management Engine Components\IPT, C:\Program Files\Intel\Intel(R) Management Engine Components\IPT, D:\hijacked\Documents\platform-tools_r28.0.2-windows\platform-tools, C:\Android, C:\Windows\System32, C, C:\WINDOWS\system32, C:\WINDOWS, C:\WINDOWS\System32\Wbem, C:\WINDOWS\System32\WindowsPowerShell\v1.0\, C:\WINDOWS\System32\OpenSSH\, D:\Program Files\nodejs\, C:\Program Files (x86)\dotnet\, C:\Program Files\dotnet\, C:\Program Files (x86)\NVIDIA Corporation\PhysX\Common, D:\Program Files\Git\cmd, D:\Program Files\Git\mingw64\bin, D:\Program Files\Git\usr\bin, C:\Users\hijacked\AppData\Local\Microsoft\WindowsApps, C:\texlive\2019\bin\win32, C:\Users\hijacked\AppData\Local\Programs\Python\Python37, C, C:\texlive\2020\bin\win32, C:\Users\hijacked\AppData\Roaming\npm, C:\Program Files\JetBrains\IntelliJ IDEA 2021.2\bin])
2022-06-29 11:22:52.465 [main] ERROR o.t.d.DockerClientProviderStrategy       : Could not find a valid Docker environment. Please check configuration. Attempted configurations were:
2022-06-29 11:22:52.465 [main] ERROR o.t.d.DockerClientProviderStrategy       : As no valid configuration was found, execution cannot continue
2022-06-29 11:22:52.596 [main] ERROR o.s.boot.SpringApplication               : Application run failed
java.lang.IllegalStateException: Could not find a valid Docker environment. Please see logs and check configuration
	at org.testcontainers.dockerclient.DockerClientProviderStrategy.lambda$getFirstValidStrategy$6(DockerClientProviderStrategy.java:242)
	at java.base/java.util.Optional.orElseThrow(Optional.java:403)
	at org.testcontainers.dockerclient.DockerClientProviderStrategy.getFirstValidStrategy(DockerClientProviderStrategy.java:234)
	at org.testcontainers.DockerClientFactory.getOrInitializeStrategy(DockerClientFactory.java:135)
	at org.testcontainers.DockerClientFactory.client(DockerClientFactory.java:176)
	at org.testcontainers.DockerClientFactory$1.getDockerClient(DockerClientFactory.java:90)
	at com.github.dockerjava.api.DockerClientDelegate.authConfig(DockerClientDelegate.java:108)
	at org.testcontainers.containers.GenericContainer.start(GenericContainer.java:325)
	at nl.vandalist.it.container.CassandraContainerConfig.start(CassandraContainerConfig.java:27)
	at java.base/java.lang.Iterable.forEach(Iterable.java:75)
	at nl.vandalist.it.container.ContainerApplicationRunner.initialize(ContainerApplicationRunner.java:19)
	at org.springframework.boot.SpringApplication.applyInitializers(SpringApplication.java:607)
	at org.springframework.boot.SpringApplication.prepareContext(SpringApplication.java:373)
	at org.springframework.boot.SpringApplication.run(SpringApplication.java:307)
	at org.springframework.boot.test.context.SpringBootContextLoader.loadContext(SpringBootContextLoader.java:132)
	at org.springframework.test.context.cache.DefaultCacheAwareContextLoaderDelegate.loadContextInternal(DefaultCacheAwareContextLoaderDelegate.java:99)
	at org.springframework.test.context.cache.DefaultCacheAwareContextLoaderDelegate.loadContext(DefaultCacheAwareContextLoaderDelegate.java:124)
	at org.springframework.test.context.support.DefaultTestContext.getApplicationContext(DefaultTestContext.java:124)
	at io.cucumber.spring.TestContextAdaptor.<init>(TestContextAdaptor.java:31)
	at io.cucumber.spring.SpringFactory.start(SpringFactory.java:152)
	at io.cucumber.core.runner.Runner.buildBackendWorlds(Runner.java:97)
	at io.cucumber.core.runner.Runner.runPickle(Runner.java:65)
	at io.cucumber.core.runtime.Runtime.lambda$execute$5(Runtime.java:110)
	at io.cucumber.core.runtime.CucumberExecutionContext.runTestCase(CucumberExecutionContext.java:117)
	at io.cucumber.core.runtime.Runtime.lambda$execute$6(Runtime.java:110)
	at java.base/java.util.concurrent.Executors$RunnableAdapter.call(Executors.java:539)
	at java.base/java.util.concurrent.FutureTask.run(FutureTask.java:264)
	at io.cucumber.core.runtime.Runtime$SameThreadExecutorService.execute(Runtime.java:233)
	at java.base/java.util.concurrent.AbstractExecutorService.submit(AbstractExecutorService.java:123)
	at io.cucumber.core.runtime.Runtime.lambda$run$2(Runtime.java:86)
	at java.base/java.util.stream.ReferencePipeline$3$1.accept(ReferencePipeline.java:197)
	at java.base/java.util.stream.SliceOps$1$1.accept(SliceOps.java:200)
	at java.base/java.util.ArrayList$ArrayListSpliterator.tryAdvance(ArrayList.java:1602)
	at java.base/java.util.stream.ReferencePipeline.forEachWithCancel(ReferencePipeline.java:129)
	at java.base/java.util.stream.AbstractPipeline.copyIntoWithCancel(AbstractPipeline.java:527)
	at java.base/java.util.stream.AbstractPipeline.copyInto(AbstractPipeline.java:513)
	at java.base/java.util.stream.AbstractPipeline.wrapAndCopyInto(AbstractPipeline.java:499)
	at java.base/java.util.stream.ReduceOps$ReduceOp.evaluateSequential(ReduceOps.java:921)
	at java.base/java.util.stream.AbstractPipeline.evaluate(AbstractPipeline.java:234)
	at java.base/java.util.stream.ReferencePipeline.collect(ReferencePipeline.java:682)
	at io.cucumber.core.runtime.Runtime.run(Runtime.java:87)
	at io.cucumber.core.cli.Main.run(Main.java:78)
	at io.cucumber.core.cli.Main.main(Main.java:33)
2022-06-29 11:28:25.003 [main] INFO  o.s.t.c.support.AbstractContextLoader    : Could not detect default resource locations for test class [nl.vandalist.it.CucumberSpringConfig]: no resource found for suffixes {-context.xml, Context.groovy}.
2022-06-29 11:28:25.088 [main] INFO  .b.t.c.SpringBootTestContextBootstrapper : Found @SpringBootConfiguration nl.vandalist.TestContainersDemoApplication for test class nl.vandalist.it.CucumberSpringConfig
2022-06-29 11:28:25.165 [main] INFO  .b.t.c.SpringBootTestContextBootstrapper : Loaded default TestExecutionListener class names from location [META-INF/spring.factories]: [org.springframework.boot.test.mock.mockito.MockitoTestExecutionListener, org.springframework.boot.test.mock.mockito.ResetMocksTestExecutionListener, org.springframework.boot.test.autoconfigure.restdocs.RestDocsTestExecutionListener, org.springframework.boot.test.autoconfigure.web.client.MockRestServiceServerResetTestExecutionListener, org.springframework.boot.test.autoconfigure.web.servlet.MockMvcPrintOnlyOnFailureTestExecutionListener, org.springframework.boot.test.autoconfigure.web.servlet.WebDriverTestExecutionListener, org.springframework.boot.test.autoconfigure.webservices.client.MockWebServiceServerTestExecutionListener, org.springframework.test.context.web.ServletTestExecutionListener, org.springframework.test.context.support.DirtiesContextBeforeModesTestExecutionListener, org.springframework.test.context.event.ApplicationEventsTestExecutionListener, org.springframework.test.context.support.DependencyInjectionTestExecutionListener, org.springframework.test.context.support.DirtiesContextTestExecutionListener, org.springframework.test.context.transaction.TransactionalTestExecutionListener, org.springframework.test.context.jdbc.SqlScriptsTestExecutionListener, org.springframework.test.context.event.EventPublishingTestExecutionListener]
2022-06-29 11:28:25.180 [main] INFO  .b.t.c.SpringBootTestContextBootstrapper : Using TestExecutionListeners: [org.springframework.test.context.web.ServletTestExecutionListener@4fad94a7, org.springframework.test.context.support.DirtiesContextBeforeModesTestExecutionListener@475835b1, org.springframework.test.context.event.ApplicationEventsTestExecutionListener@6326d182, org.springframework.boot.test.mock.mockito.MockitoTestExecutionListener@5241cf67, org.springframework.boot.test.autoconfigure.SpringBootDependencyInjectionTestExecutionListener@716a7124, org.springframework.test.context.support.DirtiesContextTestExecutionListener@77192705, org.springframework.test.context.transaction.TransactionalTestExecutionListener@226642a5, org.springframework.test.context.jdbc.SqlScriptsTestExecutionListener@7e809b79, org.springframework.test.context.event.EventPublishingTestExecutionListener@5cc126dc, org.springframework.boot.test.mock.mockito.ResetMocksTestExecutionListener@625e134e, org.springframework.boot.test.autoconfigure.restdocs.RestDocsTestExecutionListener@72bd06ca, org.springframework.boot.test.autoconfigure.web.client.MockRestServiceServerResetTestExecutionListener@89c10b7, org.springframework.boot.test.autoconfigure.web.servlet.MockMvcPrintOnlyOnFailureTestExecutionListener@5dbe30be, org.springframework.boot.test.autoconfigure.web.servlet.WebDriverTestExecutionListener@4fe89c24, org.springframework.boot.test.autoconfigure.webservices.client.MockWebServiceServerTestExecutionListener@55795845]
2022-06-29 11:28:25.234 [main] WARN  o.t.utility.TestcontainersConfiguration  : Attempted to read Testcontainers configuration file at file:/C:/Users/hijacked/.testcontainers.properties but the file was not found. Exception message: FileNotFoundException: C:\Users\hijacked\.testcontainers.properties (The system cannot find the file specified)
2022-06-29 11:28:25.237 [main] INFO  o.t.utility.ImageNameSubstitutor         : Image name substitution will be performed by: DefaultImageNameSubstitutor (composite of 'ConfigurationFileImageNameSubstitutor' and 'PrefixingImageNameSubstitutor')
2022-06-29 11:28:25.484 [main] INFO  .t.d.DockerMachineClientProviderStrategy : docker-machine executable was not found on PATH ([C:\Program Files\Eclipse Foundation\jdk-17.0.0.35-hotspot\bin, C:\Program Files (x86)\Common Files\Intel\Shared Libraries\redist\intel64\compiler, C:\Users\hijacked\.m2\apache-maven-3.6.3\bin, C:\Program Files (x86)\Intel\iCLS Client\, C:\Program Files\Intel\iCLS Client\, C:\WINDOWS\system32, C:\WINDOWS, C:\WINDOWS\System32\Wbem, C:\WINDOWS\System32\WindowsPowerShell\v1.0\, C:\WINDOWS\System32\OpenSSH\, C:\Program Files (x86)\Intel\Intel(R) Management Engine Components\DAL, C:\Program Files\Intel\Intel(R) Management Engine Components\DAL, C:\Program Files (x86)\Intel\Intel(R) Management Engine Components\IPT, C:\Program Files\Intel\Intel(R) Management Engine Components\IPT, D:\hijacked\Documents\platform-tools_r28.0.2-windows\platform-tools, C:\Android, C:\Windows\System32, C, C:\WINDOWS\system32, C:\WINDOWS, C:\WINDOWS\System32\Wbem, C:\WINDOWS\System32\WindowsPowerShell\v1.0\, C:\WINDOWS\System32\OpenSSH\, D:\Program Files\nodejs\, C:\Program Files (x86)\dotnet\, C:\Program Files\dotnet\, C:\Program Files (x86)\NVIDIA Corporation\PhysX\Common, D:\Program Files\Git\cmd, D:\Program Files\Git\mingw64\bin, D:\Program Files\Git\usr\bin, C:\Users\hijacked\AppData\Local\Microsoft\WindowsApps, C:\texlive\2019\bin\win32, C:\Users\hijacked\AppData\Local\Programs\Python\Python37, C, C:\texlive\2020\bin\win32, C:\Users\hijacked\AppData\Roaming\npm, C:\Program Files\JetBrains\IntelliJ IDEA 2021.2\bin])
2022-06-29 11:28:25.484 [main] ERROR o.t.d.DockerClientProviderStrategy       : Could not find a valid Docker environment. Please check configuration. Attempted configurations were:
2022-06-29 11:28:25.484 [main] ERROR o.t.d.DockerClientProviderStrategy       : As no valid configuration was found, execution cannot continue
2022-06-29 11:28:25.589 [main] ERROR o.s.boot.SpringApplication               : Application run failed
java.lang.IllegalStateException: Could not find a valid Docker environment. Please see logs and check configuration
	at org.testcontainers.dockerclient.DockerClientProviderStrategy.lambda$getFirstValidStrategy$6(DockerClientProviderStrategy.java:242)
	at java.base/java.util.Optional.orElseThrow(Optional.java:403)
	at org.testcontainers.dockerclient.DockerClientProviderStrategy.getFirstValidStrategy(DockerClientProviderStrategy.java:234)
	at org.testcontainers.DockerClientFactory.getOrInitializeStrategy(DockerClientFactory.java:135)
	at org.testcontainers.DockerClientFactory.client(DockerClientFactory.java:176)
	at org.testcontainers.DockerClientFactory$1.getDockerClient(DockerClientFactory.java:90)
	at com.github.dockerjava.api.DockerClientDelegate.authConfig(DockerClientDelegate.java:108)
	at org.testcontainers.containers.GenericContainer.start(GenericContainer.java:325)
	at nl.vandalist.it.container.CassandraContainerConfig.start(CassandraContainerConfig.java:27)
	at java.base/java.lang.Iterable.forEach(Iterable.java:75)
	at nl.vandalist.it.container.ContainerApplicationRunner.initialize(ContainerApplicationRunner.java:19)
	at org.springframework.boot.SpringApplication.applyInitializers(SpringApplication.java:607)
	at org.springframework.boot.SpringApplication.prepareContext(SpringApplication.java:373)
	at org.springframework.boot.SpringApplication.run(SpringApplication.java:307)
	at org.springframework.boot.test.context.SpringBootContextLoader.loadContext(SpringBootContextLoader.java:132)
	at org.springframework.test.context.cache.DefaultCacheAwareContextLoaderDelegate.loadContextInternal(DefaultCacheAwareContextLoaderDelegate.java:99)
	at org.springframework.test.context.cache.DefaultCacheAwareContextLoaderDelegate.loadContext(DefaultCacheAwareContextLoaderDelegate.java:124)
	at org.springframework.test.context.support.DefaultTestContext.getApplicationContext(DefaultTestContext.java:124)
	at io.cucumber.spring.TestContextAdaptor.<init>(TestContextAdaptor.java:31)
	at io.cucumber.spring.SpringFactory.start(SpringFactory.java:152)
	at io.cucumber.core.runner.Runner.buildBackendWorlds(Runner.java:97)
	at io.cucumber.core.runner.Runner.runPickle(Runner.java:65)
	at io.cucumber.core.runtime.Runtime.lambda$execute$5(Runtime.java:110)
	at io.cucumber.core.runtime.CucumberExecutionContext.runTestCase(CucumberExecutionContext.java:117)
	at io.cucumber.core.runtime.Runtime.lambda$execute$6(Runtime.java:110)
	at java.base/java.util.concurrent.Executors$RunnableAdapter.call(Executors.java:539)
	at java.base/java.util.concurrent.FutureTask.run(FutureTask.java:264)
	at io.cucumber.core.runtime.Runtime$SameThreadExecutorService.execute(Runtime.java:233)
	at java.base/java.util.concurrent.AbstractExecutorService.submit(AbstractExecutorService.java:123)
	at io.cucumber.core.runtime.Runtime.lambda$run$2(Runtime.java:86)
	at java.base/java.util.stream.ReferencePipeline$3$1.accept(ReferencePipeline.java:197)
	at java.base/java.util.stream.SliceOps$1$1.accept(SliceOps.java:200)
	at java.base/java.util.ArrayList$ArrayListSpliterator.tryAdvance(ArrayList.java:1602)
	at java.base/java.util.stream.ReferencePipeline.forEachWithCancel(ReferencePipeline.java:129)
	at java.base/java.util.stream.AbstractPipeline.copyIntoWithCancel(AbstractPipeline.java:527)
	at java.base/java.util.stream.AbstractPipeline.copyInto(AbstractPipeline.java:513)
	at java.base/java.util.stream.AbstractPipeline.wrapAndCopyInto(AbstractPipeline.java:499)
	at java.base/java.util.stream.ReduceOps$ReduceOp.evaluateSequential(ReduceOps.java:921)
	at java.base/java.util.stream.AbstractPipeline.evaluate(AbstractPipeline.java:234)
	at java.base/java.util.stream.ReferencePipeline.collect(ReferencePipeline.java:682)
	at io.cucumber.core.runtime.Runtime.run(Runtime.java:87)
	at io.cucumber.core.cli.Main.run(Main.java:78)
	at io.cucumber.core.cli.Main.main(Main.java:33)
